[2020-12-29 05:07:31 @8145.0]	WARNING	start_check: onTask event callback must be set
[2020-12-29 05:07:45 @8153.0]	WARNING	start_check: onTask event callback must be set
[2020-12-29 05:49:56 $8687.0]	INFO	Server is reloading all workers now
[2020-12-29 05:55:13 $8761.0]	INFO	Server is reloading all workers now
[2020-12-29 05:57:03 $8761.0]	INFO	Server is reloading all workers now
[2020-12-29 06:00:10 $8761.0]	INFO	Server is reloading all workers now
[2020-12-29 06:03:18 $8761.0]	INFO	Server is reloading task workers now
[2020-12-29 06:09:00 #8760.2]	INFO	Server is shutdown now
[2020-12-29 06:22:04 #8984.2]	INFO	Server is shutdown now
[2020-12-29 06:23:14 #9080.2]	INFO	Server is shutdown now
[2020-12-29 06:40:57 #9095.2]	INFO	Server is shutdown now
PHP Fatal error:  Uncaught Swoole\ExitException: swoole exit in /usr/local/sure_code/iflow_framework/framework/src/Swoole/Services/Services.php:62
Stack trace:
#0 [internal function]: iflow\Swoole\Services\Services->onStart(Object(Swoole\WebSocket\Server))
#1 /usr/local/sure_code/iflow_framework/framework/src/Swoole/Services/Services.php(53): call_user_func(Array, Object(Swoole\WebSocket\Server))
#2 [internal function]: iflow\Swoole\Services\Services->iflow\Swoole\Services\{closure}(Object(Swoole\WebSocket\Server))
#3 /usr/local/sure_code/iflow_framework/framework/src/Swoole/Services/Services.php(73): Swoole\Server->start()
#4 /usr/local/sure_code/iflow_framework/framework/src/Swoole/Services/Services.php(125): iflow\Swoole\Services\Services->start()
#5 /usr/local/sure_code/iflow_framework/framework/src/Swoole/Services/Services.php(41): iflow\Swoole\Services\Services->initializer()
#6 [internal function]: iflow\Swoole\Services\Services->handle()
#7 /usr/local/sure_code/iflow_framework/framework/src/Container.php(87): ReflectionMethod->invokeArgs(Object(iflow\Swoole\Services\Services), Array)
#8 /usr/local/sure_code/iflow_framework/framework/src/Container.php(101): iflow\Container->invokeMethod('handle', Array)
#9 /usr/local/sure_code/iflow_framework/framework/src/console/lib/Input.php(53): iflow\Container->invoke(Array)
#10 /usr/local/sure_code/iflow_framework/framework/src/console/Console.php(45): iflow\console\lib\Input->parsingInputCommand(Array, Object(iflow\console\Console))
#11 /usr/local/sure_code/iflow_framework/framework/src/console/Console.php(36): iflow\console\Console->run()
#12 /usr/local/sure_code/iflow_framework/framework/src/App.php(69): iflow\console\Console->initializer(Object(iflow\MyApplication))
#13 /usr/local/sure_code/iflow_framework/framework/src/App.php(61): iflow\App->initializer()
#14 /usr/local/sure_code/iflow_framework/iflow(16): iflow\App->run('iflow\\MyApplica...')
#15 /usr/local/sure_code/iflow_framework/iflow(20): iflow\MyApplication->runApp()
#16 {main}
  thrown in /usr/local/sure_code/iflow_framework/framework/src/Swoole/Services/Services.php on line 62

Fatal error: Uncaught Swoole\ExitException: swoole exit in /usr/local/sure_code/iflow_framework/framework/src/Swoole/Services/Services.php:62
Stack trace:
#0 [internal function]: iflow\Swoole\Services\Services->onStart(Object(Swoole\WebSocket\Server))
#1 /usr/local/sure_code/iflow_framework/framework/src/Swoole/Services/Services.php(53): call_user_func(Array, Object(Swoole\WebSocket\Server))
#2 [internal function]: iflow\Swoole\Services\Services->iflow\Swoole\Services\{closure}(Object(Swoole\WebSocket\Server))
#3 /usr/local/sure_code/iflow_framework/framework/src/Swoole/Services/Services.php(73): Swoole\Server->start()
#4 /usr/local/sure_code/iflow_framework/framework/src/Swoole/Services/Services.php(125): iflow\Swoole\Services\Services->start()
#5 /usr/local/sure_code/iflow_framework/framework/src/Swoole/Services/Services.php(41): iflow\Swoole\Services\Services->initializer()
#6 [internal function]: iflow\Swoole\Services\Services->handle()
#7 /usr/local/sure_code/iflow_framework/framework/src/Container.php(87): ReflectionMethod->invokeArgs(Object(iflow\Swoole\Services\Services), Array)
#8 /usr/local/sure_code/iflow_framework/framework/src/Container.php(101): iflow\Container->invokeMethod('handle', Array)
#9 /usr/local/sure_code/iflow_framework/framework/src/console/lib/Input.php(53): iflow\Container->invoke(Array)
#10 /usr/local/sure_code/iflow_framework/framework/src/console/Console.php(45): iflow\console\lib\Input->parsingInputCommand(Array, Object(iflow\console\Console))
#11 /usr/local/sure_code/iflow_framework/framework/src/console/Console.php(36): iflow\console\Console->run()
#12 /usr/local/sure_code/iflow_framework/framework/src/App.php(69): iflow\console\Console->initializer(Object(iflow\MyApplication))
#13 /usr/local/sure_code/iflow_framework/framework/src/App.php(61): iflow\App->initializer()
#14 /usr/local/sure_code/iflow_framework/iflow(16): iflow\App->run('iflow\\MyApplica...')
#15 /usr/local/sure_code/iflow_framework/iflow(20): iflow\MyApplication->runApp()
#16 {main}
  thrown in /usr/local/sure_code/iflow_framework/framework/src/Swoole/Services/Services.php on line 62
[2020-12-29 06:42:02 #9432.2]	INFO	Server is shutdown now
PHP Fatal error:  Uncaught Swoole\ExitException: swoole exit in /usr/local/sure_code/iflow_framework/framework/src/Swoole/Services/Services.php:62
Stack trace:
#0 [internal function]: iflow\Swoole\Services\Services->onStart(Object(Swoole\WebSocket\Server))
#1 /usr/local/sure_code/iflow_framework/framework/src/Swoole/Services/Services.php(53): call_user_func(Array, Object(Swoole\WebSocket\Server))
#2 [internal function]: iflow\Swoole\Services\Services->iflow\Swoole\Services\{closure}(Object(Swoole\WebSocket\Server))
#3 /usr/local/sure_code/iflow_framework/framework/src/Swoole/Services/Services.php(73): Swoole\Server->start()
#4 /usr/local/sure_code/iflow_framework/framework/src/Swoole/Services/Services.php(125): iflow\Swoole\Services\Services->start()
#5 /usr/local/sure_code/iflow_framework/framework/src/Swoole/Services/Services.php(41): iflow\Swoole\Services\Services->initializer()
#6 [internal function]: iflow\Swoole\Services\Services->handle()
#7 /usr/local/sure_code/iflow_framework/framework/src/Container.php(87): ReflectionMethod->invokeArgs(Object(iflow\Swoole\Services\Services), Array)
#8 /usr/local/sure_code/iflow_framework/framework/src/Container.php(101): iflow\Container->invokeMethod('handle', Array)
#9 /usr/local/sure_code/iflow_framework/framework/src/console/lib/Input.php(53): iflow\Container->invoke(Array)
#10 /usr/local/sure_code/iflow_framework/framework/src/console/Console.php(45): iflow\console\lib\Input->parsingInputCommand(Array, Object(iflow\console\Console))
#11 /usr/local/sure_code/iflow_framework/framework/src/console/Console.php(36): iflow\console\Console->run()
#12 /usr/local/sure_code/iflow_framework/framework/src/App.php(69): iflow\console\Console->initializer(Object(iflow\MyApplication))
#13 /usr/local/sure_code/iflow_framework/framework/src/App.php(61): iflow\App->initializer()
#14 /usr/local/sure_code/iflow_framework/iflow(16): iflow\App->run('iflow\\MyApplica...')
#15 /usr/local/sure_code/iflow_framework/iflow(20): iflow\MyApplication->runApp()
#16 {main}
  thrown in /usr/local/sure_code/iflow_framework/framework/src/Swoole/Services/Services.php on line 62

Fatal error: Uncaught Swoole\ExitException: swoole exit in /usr/local/sure_code/iflow_framework/framework/src/Swoole/Services/Services.php:62
Stack trace:
#0 [internal function]: iflow\Swoole\Services\Services->onStart(Object(Swoole\WebSocket\Server))
#1 /usr/local/sure_code/iflow_framework/framework/src/Swoole/Services/Services.php(53): call_user_func(Array, Object(Swoole\WebSocket\Server))
#2 [internal function]: iflow\Swoole\Services\Services->iflow\Swoole\Services\{closure}(Object(Swoole\WebSocket\Server))
#3 /usr/local/sure_code/iflow_framework/framework/src/Swoole/Services/Services.php(73): Swoole\Server->start()
#4 /usr/local/sure_code/iflow_framework/framework/src/Swoole/Services/Services.php(125): iflow\Swoole\Services\Services->start()
#5 /usr/local/sure_code/iflow_framework/framework/src/Swoole/Services/Services.php(41): iflow\Swoole\Services\Services->initializer()
#6 [internal function]: iflow\Swoole\Services\Services->handle()
#7 /usr/local/sure_code/iflow_framework/framework/src/Container.php(87): ReflectionMethod->invokeArgs(Object(iflow\Swoole\Services\Services), Array)
#8 /usr/local/sure_code/iflow_framework/framework/src/Container.php(101): iflow\Container->invokeMethod('handle', Array)
#9 /usr/local/sure_code/iflow_framework/framework/src/console/lib/Input.php(53): iflow\Container->invoke(Array)
#10 /usr/local/sure_code/iflow_framework/framework/src/console/Console.php(45): iflow\console\lib\Input->parsingInputCommand(Array, Object(iflow\console\Console))
#11 /usr/local/sure_code/iflow_framework/framework/src/console/Console.php(36): iflow\console\Console->run()
#12 /usr/local/sure_code/iflow_framework/framework/src/App.php(69): iflow\console\Console->initializer(Object(iflow\MyApplication))
#13 /usr/local/sure_code/iflow_framework/framework/src/App.php(61): iflow\App->initializer()
#14 /usr/local/sure_code/iflow_framework/iflow(16): iflow\App->run('iflow\\MyApplica...')
#15 /usr/local/sure_code/iflow_framework/iflow(20): iflow\MyApplication->runApp()
#16 {main}
  thrown in /usr/local/sure_code/iflow_framework/framework/src/Swoole/Services/Services.php on line 62
PHP Fatal error:  Uncaught TypeError: Cannot assign array to property iflow\Utils\Message\Message::$isRest of type ?bool in /usr/local/sure_code/iflow_framework/framework/src/Utils/Message/baseMessage.php:46
Stack trace:
#0 /usr/local/sure_code/iflow_framework/framework/src/Utils/Message/Message.php(15): iflow\Utils\Message\Message->setData(Array, 200)
#1 /usr/local/sure_code/iflow_framework/framework/src/Utils/Message/Message.php(21): iflow\Utils\Message\Message->message(200, 'Hello World', Array, Array)
#2 /usr/local/sure_code/iflow_framework/framework/src/app/test.php(12): iflow\Utils\Message\Message->success('Hello World')
#3 [internal function]: iflow\app\test->handle(Object(iflow\MyApplication), Object(Swoole\Http\Request), Object(Swoole\Http\Response))
#4 /usr/local/sure_code/iflow_framework/framework/src/pipeline/pipeline.php(24): call_user_func(Array, Object(iflow\MyApplication), Object(Swoole\Http\Request), Object(Swoole\Http\Response))
#5 /usr/local/sure_code/iflow_framework/framework/src/Middleware.php(38): iflow\pipeline\pipeline->process(Object(iflow\MyApplication), Object(Swoole\Http\Request), Object(Swoole\Http\Response))
#6 /usr/local/sure_code/iflow_framework/framework/src/Middleware.php(33): iflow\Middleware->thenMiddleware()
#7 /usr/local/sure_code/iflow_framework/framework/src/Middleware.php(24): iflow\Middleware->addMiddleware()
#8 /usr/local/sure_code/iflow_framework/framework/src/Swoole/Services/Http/lib/initializer.php(20): iflow\Middleware->initializer(Object(iflow\MyApplication), Object(Swoole\Http\Request), Object(Swoole\Http\Response))
#9 /usr/local/sure_code/iflow_framework/framework/src/Swoole/Services/Http/HttpServer.php(30): iflow\Swoole\Services\Http\lib\initializer->__initializer(Object(iflow\Swoole\Services\Services), Object(Swoole\Http\Request), Object(Swoole\Http\Response))
#10 {main}
  thrown in /usr/local/sure_code/iflow_framework/framework/src/Utils/Message/baseMessage.php on line 46

Fatal error: Uncaught TypeError: Cannot assign array to property iflow\Utils\Message\Message::$isRest of type ?bool in /usr/local/sure_code/iflow_framework/framework/src/Utils/Message/baseMessage.php:46
Stack trace:
#0 /usr/local/sure_code/iflow_framework/framework/src/Utils/Message/Message.php(15): iflow\Utils\Message\Message->setData(Array, 200)
#1 /usr/local/sure_code/iflow_framework/framework/src/Utils/Message/Message.php(21): iflow\Utils\Message\Message->message(200, 'Hello World', Array, Array)
#2 /usr/local/sure_code/iflow_framework/framework/src/app/test.php(12): iflow\Utils\Message\Message->success('Hello World')
#3 [internal function]: iflow\app\test->handle(Object(iflow\MyApplication), Object(Swoole\Http\Request), Object(Swoole\Http\Response))
#4 /usr/local/sure_code/iflow_framework/framework/src/pipeline/pipeline.php(24): call_user_func(Array, Object(iflow\MyApplication), Object(Swoole\Http\Request), Object(Swoole\Http\Response))
#5 /usr/local/sure_code/iflow_framework/framework/src/Middleware.php(38): iflow\pipeline\pipeline->process(Object(iflow\MyApplication), Object(Swoole\Http\Request), Object(Swoole\Http\Response))
#6 /usr/local/sure_code/iflow_framework/framework/src/Middleware.php(33): iflow\Middleware->thenMiddleware()
#7 /usr/local/sure_code/iflow_framework/framework/src/Middleware.php(24): iflow\Middleware->addMiddleware()
#8 /usr/local/sure_code/iflow_framework/framework/src/Swoole/Services/Http/lib/initializer.php(20): iflow\Middleware->initializer(Object(iflow\MyApplication), Object(Swoole\Http\Request), Object(Swoole\Http\Response))
#9 /usr/local/sure_code/iflow_framework/framework/src/Swoole/Services/Http/HttpServer.php(30): iflow\Swoole\Services\Http\lib\initializer->__initializer(Object(iflow\Swoole\Services\Services), Object(Swoole\Http\Request), Object(Swoole\Http\Response))
#10 {main}
  thrown in /usr/local/sure_code/iflow_framework/framework/src/Utils/Message/baseMessage.php on line 46
[2020-12-29 06:43:39 $9459.0]	WARNING	check_worker_exit_status: worker#1[pid=9465] abnormal exit, status=0, signal=11
A bug occurred in Swoole-v4.6.0-alpha, please report it.
The Swoole developers probably don't know about it,
and unless you report it, chances are it won't be fixed.
You can read How to report a bug doc before submitting any bug reports:
>> https://github.com/swoole/swoole-src/blob/master/.github/ISSUE.md 
Please do not send bug reports in the mailing list or personal letters.
The issue page is also suitable to submit feature requests.

[2020-12-29 06:43:47 #9458.2]	INFO	Server is shutdown now
PHP Fatal error:  Uncaught Swoole\ExitException: swoole exit in /usr/local/sure_code/iflow_framework/framework/src/Swoole/Services/Services.php:62
Stack trace:
#0 [internal function]: iflow\Swoole\Services\Services->onStart(Object(Swoole\WebSocket\Server))
#1 /usr/local/sure_code/iflow_framework/framework/src/Swoole/Services/Services.php(53): call_user_func(Array, Object(Swoole\WebSocket\Server))
#2 [internal function]: iflow\Swoole\Services\Services->iflow\Swoole\Services\{closure}(Object(Swoole\WebSocket\Server))
#3 /usr/local/sure_code/iflow_framework/framework/src/Swoole/Services/Services.php(73): Swoole\Server->start()
#4 /usr/local/sure_code/iflow_framework/framework/src/Swoole/Services/Services.php(125): iflow\Swoole\Services\Services->start()
#5 /usr/local/sure_code/iflow_framework/framework/src/Swoole/Services/Services.php(41): iflow\Swoole\Services\Services->initializer()
#6 [internal function]: iflow\Swoole\Services\Services->handle()
#7 /usr/local/sure_code/iflow_framework/framework/src/Container.php(87): ReflectionMethod->invokeArgs(Object(iflow\Swoole\Services\Services), Array)
#8 /usr/local/sure_code/iflow_framework/framework/src/Container.php(101): iflow\Container->invokeMethod('handle', Array)
#9 /usr/local/sure_code/iflow_framework/framework/src/console/lib/Input.php(53): iflow\Container->invoke(Array)
#10 /usr/local/sure_code/iflow_framework/framework/src/console/Console.php(45): iflow\console\lib\Input->parsingInputCommand(Array, Object(iflow\console\Console))
#11 /usr/local/sure_code/iflow_framework/framework/src/console/Console.php(36): iflow\console\Console->run()
#12 /usr/local/sure_code/iflow_framework/framework/src/App.php(69): iflow\console\Console->initializer(Object(iflow\MyApplication))
#13 /usr/local/sure_code/iflow_framework/framework/src/App.php(61): iflow\App->initializer()
#14 /usr/local/sure_code/iflow_framework/iflow(16): iflow\App->run('iflow\\MyApplica...')
#15 /usr/local/sure_code/iflow_framework/iflow(20): iflow\MyApplication->runApp()
#16 {main}
  thrown in /usr/local/sure_code/iflow_framework/framework/src/Swoole/Services/Services.php on line 62

Fatal error: Uncaught Swoole\ExitException: swoole exit in /usr/local/sure_code/iflow_framework/framework/src/Swoole/Services/Services.php:62
Stack trace:
#0 [internal function]: iflow\Swoole\Services\Services->onStart(Object(Swoole\WebSocket\Server))
#1 /usr/local/sure_code/iflow_framework/framework/src/Swoole/Services/Services.php(53): call_user_func(Array, Object(Swoole\WebSocket\Server))
#2 [internal function]: iflow\Swoole\Services\Services->iflow\Swoole\Services\{closure}(Object(Swoole\WebSocket\Server))
#3 /usr/local/sure_code/iflow_framework/framework/src/Swoole/Services/Services.php(73): Swoole\Server->start()
#4 /usr/local/sure_code/iflow_framework/framework/src/Swoole/Services/Services.php(125): iflow\Swoole\Services\Services->start()
#5 /usr/local/sure_code/iflow_framework/framework/src/Swoole/Services/Services.php(41): iflow\Swoole\Services\Services->initializer()
#6 [internal function]: iflow\Swoole\Services\Services->handle()
#7 /usr/local/sure_code/iflow_framework/framework/src/Container.php(87): ReflectionMethod->invokeArgs(Object(iflow\Swoole\Services\Services), Array)
#8 /usr/local/sure_code/iflow_framework/framework/src/Container.php(101): iflow\Container->invokeMethod('handle', Array)
#9 /usr/local/sure_code/iflow_framework/framework/src/console/lib/Input.php(53): iflow\Container->invoke(Array)
#10 /usr/local/sure_code/iflow_framework/framework/src/console/Console.php(45): iflow\console\lib\Input->parsingInputCommand(Array, Object(iflow\console\Console))
#11 /usr/local/sure_code/iflow_framework/framework/src/console/Console.php(36): iflow\console\Console->run()
#12 /usr/local/sure_code/iflow_framework/framework/src/App.php(69): iflow\console\Console->initializer(Object(iflow\MyApplication))
#13 /usr/local/sure_code/iflow_framework/framework/src/App.php(61): iflow\App->initializer()
#14 /usr/local/sure_code/iflow_framework/iflow(16): iflow\App->run('iflow\\MyApplica...')
#15 /usr/local/sure_code/iflow_framework/iflow(20): iflow\MyApplication->runApp()
#16 {main}
  thrown in /usr/local/sure_code/iflow_framework/framework/src/Swoole/Services/Services.php on line 62
PHP Fatal error:  Uncaught TypeError: Cannot assign array to property iflow\Utils\Message\Message::$isRest of type ?bool in /usr/local/sure_code/iflow_framework/framework/src/Utils/Message/baseMessage.php:46
Stack trace:
#0 /usr/local/sure_code/iflow_framework/framework/src/Utils/Message/Message.php(15): iflow\Utils\Message\Message->setData(Array, 200)
#1 /usr/local/sure_code/iflow_framework/framework/src/Utils/Message/Message.php(21): iflow\Utils\Message\Message->message(200, 'Hello World', Array, Array)
#2 /usr/local/sure_code/iflow_framework/framework/src/app/test.php(12): iflow\Utils\Message\Message->success('Hello World')
#3 [internal function]: iflow\app\test->handle(Object(iflow\MyApplication), Object(Swoole\Http\Request), Object(Swoole\Http\Response))
#4 /usr/local/sure_code/iflow_framework/framework/src/pipeline/pipeline.php(24): call_user_func(Array, Object(iflow\MyApplication), Object(Swoole\Http\Request), Object(Swoole\Http\Response))
#5 /usr/local/sure_code/iflow_framework/framework/src/Middleware.php(38): iflow\pipeline\pipeline->process(Object(iflow\MyApplication), Object(Swoole\Http\Request), Object(Swoole\Http\Response))
#6 /usr/local/sure_code/iflow_framework/framework/src/Middleware.php(33): iflow\Middleware->thenMiddleware()
#7 /usr/local/sure_code/iflow_framework/framework/src/Middleware.php(24): iflow\Middleware->addMiddleware()
#8 /usr/local/sure_code/iflow_framework/framework/src/Swoole/Services/Http/lib/initializer.php(20): iflow\Middleware->initializer(Object(iflow\MyApplication), Object(Swoole\Http\Request), Object(Swoole\Http\Response))
#9 /usr/local/sure_code/iflow_framework/framework/src/Swoole/Services/Http/HttpServer.php(30): iflow\Swoole\Services\Http\lib\initializer->__initializer(Object(iflow\Swoole\Services\Services), Object(Swoole\Http\Request), Object(Swoole\Http\Response))
#10 {main}
  thrown in /usr/local/sure_code/iflow_framework/framework/src/Utils/Message/baseMessage.php on line 46

Fatal error: Uncaught TypeError: Cannot assign array to property iflow\Utils\Message\Message::$isRest of type ?bool in /usr/local/sure_code/iflow_framework/framework/src/Utils/Message/baseMessage.php:46
Stack trace:
#0 /usr/local/sure_code/iflow_framework/framework/src/Utils/Message/Message.php(15): iflow\Utils\Message\Message->setData(Array, 200)
#1 /usr/local/sure_code/iflow_framework/framework/src/Utils/Message/Message.php(21): iflow\Utils\Message\Message->message(200, 'Hello World', Array, Array)
#2 /usr/local/sure_code/iflow_framework/framework/src/app/test.php(12): iflow\Utils\Message\Message->success('Hello World')
#3 [internal function]: iflow\app\test->handle(Object(iflow\MyApplication), Object(Swoole\Http\Request), Object(Swoole\Http\Response))
#4 /usr/local/sure_code/iflow_framework/framework/src/pipeline/pipeline.php(24): call_user_func(Array, Object(iflow\MyApplication), Object(Swoole\Http\Request), Object(Swoole\Http\Response))
#5 /usr/local/sure_code/iflow_framework/framework/src/Middleware.php(38): iflow\pipeline\pipeline->process(Object(iflow\MyApplication), Object(Swoole\Http\Request), Object(Swoole\Http\Response))
#6 /usr/local/sure_code/iflow_framework/framework/src/Middleware.php(33): iflow\Middleware->thenMiddleware()
#7 /usr/local/sure_code/iflow_framework/framework/src/Middleware.php(24): iflow\Middleware->addMiddleware()
#8 /usr/local/sure_code/iflow_framework/framework/src/Swoole/Services/Http/lib/initializer.php(20): iflow\Middleware->initializer(Object(iflow\MyApplication), Object(Swoole\Http\Request), Object(Swoole\Http\Response))
#9 /usr/local/sure_code/iflow_framework/framework/src/Swoole/Services/Http/HttpServer.php(30): iflow\Swoole\Services\Http\lib\initializer->__initializer(Object(iflow\Swoole\Services\Services), Object(Swoole\Http\Request), Object(Swoole\Http\Response))
#10 {main}
  thrown in /usr/local/sure_code/iflow_framework/framework/src/Utils/Message/baseMessage.php on line 46
[2020-12-29 06:44:51 $9742.0]	WARNING	check_worker_exit_status: worker#0[pid=9747] abnormal exit, status=0, signal=11
A bug occurred in Swoole-v4.6.0-alpha, please report it.
The Swoole developers probably don't know about it,
and unless you report it, chances are it won't be fixed.
You can read How to report a bug doc before submitting any bug reports:
>> https://github.com/swoole/swoole-src/blob/master/.github/ISSUE.md 
Please do not send bug reports in the mailing list or personal letters.
The issue page is also suitable to submit feature requests.

[2020-12-29 06:47:28 #9741.2]	INFO	Server is shutdown now
PHP Fatal error:  Uncaught TypeError: Cannot assign array to property iflow\Utils\Message\Message::$isRest of type ?bool in /usr/local/sure_code/iflow_framework/framework/src/Utils/Message/baseMessage.php:46
Stack trace:
#0 /usr/local/sure_code/iflow_framework/framework/src/Utils/Message/Message.php(15): iflow\Utils\Message\Message->setData(Array, 200)
#1 /usr/local/sure_code/iflow_framework/framework/src/Utils/Message/Message.php(21): iflow\Utils\Message\Message->message(200, 'Hello World', Array, Array)
#2 /usr/local/sure_code/iflow_framework/framework/src/app/test.php(12): iflow\Utils\Message\Message->success('Hello World')
#3 [internal function]: iflow\app\test->handle(Object(iflow\MyApplication), Object(Swoole\Http\Request), Object(Swoole\Http\Response))
#4 /usr/local/sure_code/iflow_framework/framework/src/pipeline/pipeline.php(24): call_user_func(Array, Object(iflow\MyApplication), Object(Swoole\Http\Request), Object(Swoole\Http\Response))
#5 /usr/local/sure_code/iflow_framework/framework/src/Middleware.php(38): iflow\pipeline\pipeline->process(Object(iflow\MyApplication), Object(Swoole\Http\Request), Object(Swoole\Http\Response))
#6 /usr/local/sure_code/iflow_framework/framework/src/Middleware.php(33): iflow\Middleware->thenMiddleware()
#7 /usr/local/sure_code/iflow_framework/framework/src/Middleware.php(24): iflow\Middleware->addMiddleware()
#8 /usr/local/sure_code/iflow_framework/framework/src/Swoole/Services/Http/lib/initializer.php(20): iflow\Middleware->initializer(Object(iflow\MyApplication), Object(Swoole\Http\Request), Object(Swoole\Http\Response))
#9 /usr/local/sure_code/iflow_framework/framework/src/Swoole/Services/Http/HttpServer.php(30): iflow\Swoole\Services\Http\lib\initializer->__initializer(Object(iflow\Swoole\Services\Services), Object(Swoole\Http\Request), Object(Swoole\Http\Response))
#10 {main}
  thrown in /usr/local/sure_code/iflow_framework/framework/src/Utils/Message/baseMessage.php on line 46

Fatal error: Uncaught TypeError: Cannot assign array to property iflow\Utils\Message\Message::$isRest of type ?bool in /usr/local/sure_code/iflow_framework/framework/src/Utils/Message/baseMessage.php:46
Stack trace:
#0 /usr/local/sure_code/iflow_framework/framework/src/Utils/Message/Message.php(15): iflow\Utils\Message\Message->setData(Array, 200)
#1 /usr/local/sure_code/iflow_framework/framework/src/Utils/Message/Message.php(21): iflow\Utils\Message\Message->message(200, 'Hello World', Array, Array)
#2 /usr/local/sure_code/iflow_framework/framework/src/app/test.php(12): iflow\Utils\Message\Message->success('Hello World')
#3 [internal function]: iflow\app\test->handle(Object(iflow\MyApplication), Object(Swoole\Http\Request), Object(Swoole\Http\Response))
#4 /usr/local/sure_code/iflow_framework/framework/src/pipeline/pipeline.php(24): call_user_func(Array, Object(iflow\MyApplication), Object(Swoole\Http\Request), Object(Swoole\Http\Response))
#5 /usr/local/sure_code/iflow_framework/framework/src/Middleware.php(38): iflow\pipeline\pipeline->process(Object(iflow\MyApplication), Object(Swoole\Http\Request), Object(Swoole\Http\Response))
#6 /usr/local/sure_code/iflow_framework/framework/src/Middleware.php(33): iflow\Middleware->thenMiddleware()
#7 /usr/local/sure_code/iflow_framework/framework/src/Middleware.php(24): iflow\Middleware->addMiddleware()
#8 /usr/local/sure_code/iflow_framework/framework/src/Swoole/Services/Http/lib/initializer.php(20): iflow\Middleware->initializer(Object(iflow\MyApplication), Object(Swoole\Http\Request), Object(Swoole\Http\Response))
#9 /usr/local/sure_code/iflow_framework/framework/src/Swoole/Services/Http/HttpServer.php(30): iflow\Swoole\Services\Http\lib\initializer->__initializer(Object(iflow\Swoole\Services\Services), Object(Swoole\Http\Request), Object(Swoole\Http\Response))
#10 {main}
  thrown in /usr/local/sure_code/iflow_framework/framework/src/Utils/Message/baseMessage.php on line 46
[2020-12-29 06:47:36 $9797.0]	WARNING	check_worker_exit_status: worker#0[pid=9802] abnormal exit, status=0, signal=11
A bug occurred in Swoole-v4.6.0-alpha, please report it.
The Swoole developers probably don't know about it,
and unless you report it, chances are it won't be fixed.
You can read How to report a bug doc before submitting any bug reports:
>> https://github.com/swoole/swoole-src/blob/master/.github/ISSUE.md 
Please do not send bug reports in the mailing list or personal letters.
The issue page is also suitable to submit feature requests.

[2020-12-29 06:48:05 #9796.2]	INFO	Server is shutdown now
[2020-12-29 06:48:47 $9832.0]	WARNING	check_worker_exit_status: worker#0[pid=9837] abnormal exit, status=0, signal=11
A bug occurred in Swoole-v4.6.0-alpha, please report it.
The Swoole developers probably don't know about it,
and unless you report it, chances are it won't be fixed.
You can read How to report a bug doc before submitting any bug reports:
>> https://github.com/swoole/swoole-src/blob/master/.github/ISSUE.md 
Please do not send bug reports in the mailing list or personal letters.
The issue page is also suitable to submit feature requests.

[2020-12-29 06:52:37 #9923.2]	INFO	Server is shutdown now
[2020-12-29 06:58:32 #9997.2]	INFO	Server is shutdown now
[2020-12-29 07:01:24 #10602.2]	INFO	Server is shutdown now
[2020-12-29 07:02:41 #10623.2]	INFO	Server is shutdown now
[2020-12-29 07:08:45 #10636.2]	INFO	Server is shutdown now
[2020-12-29 07:10:08 #10716.2]	INFO	Server is shutdown now
PHP Fatal error:  Uncaught Error: Call to undefined method Swoole\Http\Response::options() in /usr/local/sure_code/iflow_framework/framework/src/app/test.php:12
Stack trace:
#0 [internal function]: iflow\app\test->handle(Object(iflow\MyApplication), Object(Swoole\Http\Request), Object(Swoole\Http\Response))
#1 /usr/local/sure_code/iflow_framework/framework/src/pipeline/pipeline.php(24): call_user_func(Array, Object(iflow\MyApplication), Object(Swoole\Http\Request), Object(Swoole\Http\Response))
#2 /usr/local/sure_code/iflow_framework/framework/src/Middleware.php(38): iflow\pipeline\pipeline->process(Object(iflow\MyApplication), Object(Swoole\Http\Request), Object(Swoole\Http\Response))
#3 /usr/local/sure_code/iflow_framework/framework/src/Middleware.php(33): iflow\Middleware->thenMiddleware()
#4 /usr/local/sure_code/iflow_framework/framework/src/Middleware.php(24): iflow\Middleware->addMiddleware()
#5 /usr/local/sure_code/iflow_framework/framework/src/Swoole/Services/Http/lib/initializer.php(20): iflow\Middleware->initializer(Object(iflow\MyApplication), Object(Swoole\Http\Request), Object(Swoole\Http\Response))
#6 /usr/local/sure_code/iflow_framework/framework/src/Swoole/Services/Http/HttpServer.php(30): iflow\Swoole\Services\Http\lib\initializer->__initializer(Object(iflow\Swoole\Services\Services), Object(Swoole\Http\Request), Object(Swoole\Http\Response))
#7 {main}
  thrown in /usr/local/sure_code/iflow_framework/framework/src/app/test.php on line 12

Fatal error: Uncaught Error: Call to undefined method Swoole\Http\Response::options() in /usr/local/sure_code/iflow_framework/framework/src/app/test.php:12
Stack trace:
#0 [internal function]: iflow\app\test->handle(Object(iflow\MyApplication), Object(Swoole\Http\Request), Object(Swoole\Http\Response))
#1 /usr/local/sure_code/iflow_framework/framework/src/pipeline/pipeline.php(24): call_user_func(Array, Object(iflow\MyApplication), Object(Swoole\Http\Request), Object(Swoole\Http\Response))
#2 /usr/local/sure_code/iflow_framework/framework/src/Middleware.php(38): iflow\pipeline\pipeline->process(Object(iflow\MyApplication), Object(Swoole\Http\Request), Object(Swoole\Http\Response))
#3 /usr/local/sure_code/iflow_framework/framework/src/Middleware.php(33): iflow\Middleware->thenMiddleware()
#4 /usr/local/sure_code/iflow_framework/framework/src/Middleware.php(24): iflow\Middleware->addMiddleware()
#5 /usr/local/sure_code/iflow_framework/framework/src/Swoole/Services/Http/lib/initializer.php(20): iflow\Middleware->initializer(Object(iflow\MyApplication), Object(Swoole\Http\Request), Object(Swoole\Http\Response))
#6 /usr/local/sure_code/iflow_framework/framework/src/Swoole/Services/Http/HttpServer.php(30): iflow\Swoole\Services\Http\lib\initializer->__initializer(Object(iflow\Swoole\Services\Services), Object(Swoole\Http\Request), Object(Swoole\Http\Response))
#7 {main}
  thrown in /usr/local/sure_code/iflow_framework/framework/src/app/test.php on line 12
[2020-12-29 07:10:12 $10782.0]	WARNING	check_worker_exit_status: worker#0[pid=10787] abnormal exit, status=0, signal=11
A bug occurred in Swoole-v4.6.0-alpha, please report it.
The Swoole developers probably don't know about it,
and unless you report it, chances are it won't be fixed.
You can read How to report a bug doc before submitting any bug reports:
>> https://github.com/swoole/swoole-src/blob/master/.github/ISSUE.md 
Please do not send bug reports in the mailing list or personal letters.
The issue page is also suitable to submit feature requests.

[2020-12-29 07:10:26 #10781.2]	INFO	Server is shutdown now
[2020-12-29 07:10:32 $10806.0]	WARNING	check_worker_exit_status: worker#0[pid=10812] abnormal exit, status=0, signal=11
A bug occurred in Swoole-v4.6.0-alpha, please report it.
The Swoole developers probably don't know about it,
and unless you report it, chances are it won't be fixed.
You can read How to report a bug doc before submitting any bug reports:
>> https://github.com/swoole/swoole-src/blob/master/.github/ISSUE.md 
Please do not send bug reports in the mailing list or personal letters.
The issue page is also suitable to submit feature requests.

[2020-12-29 23:22:11 $4545.0]	WARNING	check_worker_exit_status: worker#0[pid=4550] abnormal exit, status=0, signal=11
A bug occurred in Swoole-v4.6.0-alpha, please report it.
The Swoole developers probably don't know about it,
and unless you report it, chances are it won't be fixed.
You can read How to report a bug doc before submitting any bug reports:
>> https://github.com/swoole/swoole-src/blob/master/.github/ISSUE.md 
Please do not send bug reports in the mailing list or personal letters.
The issue page is also suitable to submit feature requests.

[2020-12-29 23:33:31 $5052.0]	WARNING	check_worker_exit_status: worker#0[pid=5057] abnormal exit, status=0, signal=11
A bug occurred in Swoole-v4.6.0-alpha, please report it.
The Swoole developers probably don't know about it,
and unless you report it, chances are it won't be fixed.
You can read How to report a bug doc before submitting any bug reports:
>> https://github.com/swoole/swoole-src/blob/master/.github/ISSUE.md 
Please do not send bug reports in the mailing list or personal letters.
The issue page is also suitable to submit feature requests.

[2020-12-29 23:33:47 $5083.0]	WARNING	check_worker_exit_status: worker#0[pid=5088] abnormal exit, status=0, signal=11
A bug occurred in Swoole-v4.6.0-alpha, please report it.
The Swoole developers probably don't know about it,
and unless you report it, chances are it won't be fixed.
You can read How to report a bug doc before submitting any bug reports:
>> https://github.com/swoole/swoole-src/blob/master/.github/ISSUE.md 
Please do not send bug reports in the mailing list or personal letters.
The issue page is also suitable to submit feature requests.

[2020-12-29 23:34:33 $5110.0]	WARNING	check_worker_exit_status: worker#0[pid=5115] abnormal exit, status=0, signal=11
A bug occurred in Swoole-v4.6.0-alpha, please report it.
The Swoole developers probably don't know about it,
and unless you report it, chances are it won't be fixed.
You can read How to report a bug doc before submitting any bug reports:
>> https://github.com/swoole/swoole-src/blob/master/.github/ISSUE.md 
Please do not send bug reports in the mailing list or personal letters.
The issue page is also suitable to submit feature requests.

[2020-12-29 23:34:49 $5137.0]	WARNING	check_worker_exit_status: worker#0[pid=5142] abnormal exit, status=0, signal=11
A bug occurred in Swoole-v4.6.0-alpha, please report it.
The Swoole developers probably don't know about it,
and unless you report it, chances are it won't be fixed.
You can read How to report a bug doc before submitting any bug reports:
>> https://github.com/swoole/swoole-src/blob/master/.github/ISSUE.md 
Please do not send bug reports in the mailing list or personal letters.
The issue page is also suitable to submit feature requests.

[2020-12-29 23:34:56 $5137.0]	WARNING	check_worker_exit_status: worker#0[pid=5155] abnormal exit, status=0, signal=11
A bug occurred in Swoole-v4.6.0-alpha, please report it.
The Swoole developers probably don't know about it,
and unless you report it, chances are it won't be fixed.
You can read How to report a bug doc before submitting any bug reports:
>> https://github.com/swoole/swoole-src/blob/master/.github/ISSUE.md 
Please do not send bug reports in the mailing list or personal letters.
The issue page is also suitable to submit feature requests.

[2020-12-29 23:40:56 $5345.0]	WARNING	check_worker_exit_status: worker#0[pid=5350] abnormal exit, status=0, signal=11
A bug occurred in Swoole-v4.6.0-alpha, please report it.
The Swoole developers probably don't know about it,
and unless you report it, chances are it won't be fixed.
You can read How to report a bug doc before submitting any bug reports:
>> https://github.com/swoole/swoole-src/blob/master/.github/ISSUE.md 
Please do not send bug reports in the mailing list or personal letters.
The issue page is also suitable to submit feature requests.

[2020-12-29 23:41:37 $5375.0]	WARNING	check_worker_exit_status: worker#0[pid=5380] abnormal exit, status=0, signal=11
A bug occurred in Swoole-v4.6.0-alpha, please report it.
The Swoole developers probably don't know about it,
and unless you report it, chances are it won't be fixed.
You can read How to report a bug doc before submitting any bug reports:
>> https://github.com/swoole/swoole-src/blob/master/.github/ISSUE.md 
Please do not send bug reports in the mailing list or personal letters.
The issue page is also suitable to submit feature requests.

[2020-12-29 23:42:01 $5407.0]	WARNING	check_worker_exit_status: worker#0[pid=5412] abnormal exit, status=0, signal=11
A bug occurred in Swoole-v4.6.0-alpha, please report it.
The Swoole developers probably don't know about it,
and unless you report it, chances are it won't be fixed.
You can read How to report a bug doc before submitting any bug reports:
>> https://github.com/swoole/swoole-src/blob/master/.github/ISSUE.md 
Please do not send bug reports in the mailing list or personal letters.
The issue page is also suitable to submit feature requests.

[2020-12-29 23:43:10 $5449.0]	WARNING	check_worker_exit_status: worker#0[pid=5454] abnormal exit, status=0, signal=11
A bug occurred in Swoole-v4.6.0-alpha, please report it.
The Swoole developers probably don't know about it,
and unless you report it, chances are it won't be fixed.
You can read How to report a bug doc before submitting any bug reports:
>> https://github.com/swoole/swoole-src/blob/master/.github/ISSUE.md 
Please do not send bug reports in the mailing list or personal letters.
The issue page is also suitable to submit feature requests.

[2020-12-29 23:44:00 $5480.0]	WARNING	check_worker_exit_status: worker#0[pid=5485] abnormal exit, status=0, signal=11
A bug occurred in Swoole-v4.6.0-alpha, please report it.
The Swoole developers probably don't know about it,
and unless you report it, chances are it won't be fixed.
You can read How to report a bug doc before submitting any bug reports:
>> https://github.com/swoole/swoole-src/blob/master/.github/ISSUE.md 
Please do not send bug reports in the mailing list or personal letters.
The issue page is also suitable to submit feature requests.

[2020-12-29 23:46:37 $5556.0]	WARNING	check_worker_exit_status: worker#0[pid=5561] abnormal exit, status=0, signal=11
A bug occurred in Swoole-v4.6.0-alpha, please report it.
The Swoole developers probably don't know about it,
and unless you report it, chances are it won't be fixed.
You can read How to report a bug doc before submitting any bug reports:
>> https://github.com/swoole/swoole-src/blob/master/.github/ISSUE.md 
Please do not send bug reports in the mailing list or personal letters.
The issue page is also suitable to submit feature requests.

[2020-12-30 00:01:51 $5805.0]	WARNING	check_worker_exit_status: worker#0[pid=5810] abnormal exit, status=0, signal=11
A bug occurred in Swoole-v4.6.0-alpha, please report it.
The Swoole developers probably don't know about it,
and unless you report it, chances are it won't be fixed.
You can read How to report a bug doc before submitting any bug reports:
>> https://github.com/swoole/swoole-src/blob/master/.github/ISSUE.md 
Please do not send bug reports in the mailing list or personal letters.
The issue page is also suitable to submit feature requests.

[2020-12-30 00:02:09 $5833.0]	WARNING	check_worker_exit_status: worker#0[pid=5838] abnormal exit, status=0, signal=11
A bug occurred in Swoole-v4.6.0-alpha, please report it.
The Swoole developers probably don't know about it,
and unless you report it, chances are it won't be fixed.
You can read How to report a bug doc before submitting any bug reports:
>> https://github.com/swoole/swoole-src/blob/master/.github/ISSUE.md 
Please do not send bug reports in the mailing list or personal letters.
The issue page is also suitable to submit feature requests.

[2020-12-30 00:02:39 $5857.0]	WARNING	check_worker_exit_status: worker#0[pid=5862] abnormal exit, status=0, signal=11
A bug occurred in Swoole-v4.6.0-alpha, please report it.
The Swoole developers probably don't know about it,
and unless you report it, chances are it won't be fixed.
You can read How to report a bug doc before submitting any bug reports:
>> https://github.com/swoole/swoole-src/blob/master/.github/ISSUE.md 
Please do not send bug reports in the mailing list or personal letters.
The issue page is also suitable to submit feature requests.

[2020-12-30 00:07:31 $5906.0]	WARNING	check_worker_exit_status: worker#0[pid=5911] abnormal exit, status=0, signal=11
A bug occurred in Swoole-v4.6.0-alpha, please report it.
The Swoole developers probably don't know about it,
and unless you report it, chances are it won't be fixed.
You can read How to report a bug doc before submitting any bug reports:
>> https://github.com/swoole/swoole-src/blob/master/.github/ISSUE.md 
Please do not send bug reports in the mailing list or personal letters.
The issue page is also suitable to submit feature requests.

[2020-12-30 00:08:29 $5939.0]	WARNING	check_worker_exit_status: worker#0[pid=5944] abnormal exit, status=0, signal=11
A bug occurred in Swoole-v4.6.0-alpha, please report it.
The Swoole developers probably don't know about it,
and unless you report it, chances are it won't be fixed.
You can read How to report a bug doc before submitting any bug reports:
>> https://github.com/swoole/swoole-src/blob/master/.github/ISSUE.md 
Please do not send bug reports in the mailing list or personal letters.
The issue page is also suitable to submit feature requests.

[2020-12-30 00:09:04 $6011.0]	WARNING	check_worker_exit_status: worker#0[pid=6016] abnormal exit, status=0, signal=11
A bug occurred in Swoole-v4.6.0-alpha, please report it.
The Swoole developers probably don't know about it,
and unless you report it, chances are it won't be fixed.
You can read How to report a bug doc before submitting any bug reports:
>> https://github.com/swoole/swoole-src/blob/master/.github/ISSUE.md 
Please do not send bug reports in the mailing list or personal letters.
The issue page is also suitable to submit feature requests.

[2020-12-30 00:13:48 $6105.0]	WARNING	check_worker_exit_status: worker#0[pid=6110] abnormal exit, status=0, signal=11
A bug occurred in Swoole-v4.6.0-alpha, please report it.
The Swoole developers probably don't know about it,
and unless you report it, chances are it won't be fixed.
You can read How to report a bug doc before submitting any bug reports:
>> https://github.com/swoole/swoole-src/blob/master/.github/ISSUE.md 
Please do not send bug reports in the mailing list or personal letters.
The issue page is also suitable to submit feature requests.

[2020-12-30 00:18:49 $6263.0]	WARNING	check_worker_exit_status: worker#0[pid=6268] abnormal exit, status=0, signal=11
A bug occurred in Swoole-v4.6.0-alpha, please report it.
The Swoole developers probably don't know about it,
and unless you report it, chances are it won't be fixed.
You can read How to report a bug doc before submitting any bug reports:
>> https://github.com/swoole/swoole-src/blob/master/.github/ISSUE.md 
Please do not send bug reports in the mailing list or personal letters.
The issue page is also suitable to submit feature requests.

[2020-12-30 00:26:24 ^6374.2]	WARNING	swSignal_callback (ERRNO 707): Unable to find callback function for signal Hangup: 1
[2020-12-30 00:26:24 *6376.0]	WARNING	swSignalfd_onSignal (ERRNO 707): Unable to find callback function for signal Hangup: 1
[2020-12-30 00:26:24 *6377.1]	WARNING	swSignalfd_onSignal (ERRNO 707): Unable to find callback function for signal Hangup: 1
[2020-12-30 00:26:24 ^6375.3]	WARNING	swSignal_callback (ERRNO 707): Unable to find callback function for signal Hangup: 1
[2020-12-30 00:26:24 $6371.0]	WARNING	swSignal_callback (ERRNO 707): Unable to find callback function for signal Hangup: 1
